<?xml version="1.0" encoding="UTF-8"?>
<testng-results skipped="0" failed="0" ignored="0" total="1" passed="1">
  <reporter-output>
  </reporter-output>
  <suite name="Default suite" duration-ms="13624" started-at="2017-07-15T22:56:09Z" finished-at="2017-07-15T22:56:23Z">
    <groups>
    </groups>
    <test name="Default test" duration-ms="13624" started-at="2017-07-15T22:56:09Z" finished-at="2017-07-15T22:56:23Z">
      <class name="capture.Example">
        <test-method status="PASS" signature="captureScreenshot()[pri:0, instance:capture.Example@c038203]" name="captureScreenshot" duration-ms="13606" started-at="2017-07-15T17:56:09Z" finished-at="2017-07-15T17:56:23Z">
          <reporter-output>
          </reporter-output>
        </test-method> <!-- captureScreenshot -->
      </class> <!-- capture.Example -->
    </test> <!-- Default test -->
  </suite> <!-- Default suite -->
</testng-results>
